<?xml version="1.0" encoding="UTF-8"?>
<!-- Generated by org.testng.reporters.JUnitXMLReporter -->
<testsuite hostname="DESKTOP-5Q0UQTD" ignored="2" name="Test" tests="2" failures="0" timestamp="23 Oct 2021 21:13:20 GMT" time="12.105" errors="0">
  <testcase name="testCase1" time="5.505" classname="com.test.TestNGGroup"/>
  <testcase name="testCase2" time="5.076" classname="com.test.TestNGGroup"/>
  <testcase name="testCase3" time="0.0" classname="com.test.TestNGGroup">
    <ignored/>
  </testcase> <!-- testCase3 -->
  <testcase name="testCase4" time="0.0" classname="com.test.TestNGGroup">
    <ignored/>
  </testcase> <!-- testCase4 -->
</testsuite> <!-- Test -->
